#
# There is insufficient memory for the Java Runtime Environment to continue.
# Native memory allocation (mmap) failed to map 266338304 bytes for G1 virtual space
# Possible reasons:
#   The system is out of physical RAM or swap space
#   The process is running with CompressedOops enabled, and the Java Heap may be blocking the growth of the native heap
# Possible solutions:
#   Reduce memory load on the system
#   Increase physical memory or swap space
#   Check if swap backing store is full
#   Decrease Java heap size (-Xmx/-Xms)
#   Decrease number of Java threads
#   Decrease Java thread stack sizes (-Xss)
#   Set larger code cache with -XX:ReservedCodeCacheSize=
#   JVM is running with Zero Based Compressed Oops mode in which the Java heap is
#     placed in the first 32GB address space. The Java Heap base address is the
#     maximum limit for the native heap growth. Please use -XX:HeapBaseMinAddress
#     to set the Java Heap base and to place the Java Heap above 32GB virtual address.
# This output file may be truncated or incomplete.
#
#  Out of Memory Error (os_windows.cpp:3550), pid=9540, tid=22996
#
# JRE version:  (17.0.8+9) (build )
# Java VM: Java HotSpot(TM) 64-Bit Server VM (17.0.8+9-LTS-211, mixed mode, sharing, tiered, compressed oops, compressed class ptrs, g1 gc, windows-amd64)
# No core dump will be written. Minidumps are not enabled by default on client versions of Windows
#

---------------  S U M M A R Y ------------

Command Line: -Dmaven.multiModuleProjectDirectory=C:\Users\ASMA\Desktop\DEVOPS\Devops -Djansi.passthrough=true -Dmaven.home=C:\Users\ASMA\.m2\wrapper\dists\apache-maven-3.8.7-bin\1ktonn2lleg549uah6ngl1r74r\apache-maven-3.8.7 -Dclassworlds.conf=C:\Users\ASMA\.m2\wrapper\dists\apache-maven-3.8.7-bin\1ktonn2lleg549uah6ngl1r74r\apache-maven-3.8.7\bin\m2.conf -Dmaven.ext.class.path=C:\Program Files\JetBrains\IntelliJ IDEA 2023.2.1\plugins\maven\lib\maven-event-listener.jar -javaagent:C:\Program Files\JetBrains\IntelliJ IDEA 2023.2.1\lib\idea_rt.jar=56520:C:\Program Files\JetBrains\IntelliJ IDEA 2023.2.1\bin -Dfile.encoding=UTF-8 org.codehaus.classworlds.Launcher -Didea.version=2023.2.1 clean install -P test

Host: Intel(R) Core(TM) i7-10510U CPU @ 1.80GHz, 8 cores, 15G,  Windows 10 , 64 bit Build 19041 (10.0.19041.3636)
Time: Fri Mar 29 22:14:15 2024 Paris, Madrid elapsed time: 0.011713 seconds (0d 0h 0m 0s)

---------------  T H R E A D  ---------------

Current thread (0x00000143bb027bc0):  JavaThread "Unknown thread" [_thread_in_vm, id=22996, stack(0x0000003858900000,0x0000003858a00000)]

Stack: [0x0000003858900000,0x0000003858a00000]
Native frames: (J=compiled Java code, j=interpreted, Vv=VM code, C=native code)
V  [jvm.dll+0x677d0a]
V  [jvm.dll+0x7d8c54]
V  [jvm.dll+0x7da3fe]
V  [jvm.dll+0x7daa63]
V  [jvm.dll+0x245c5f]
V  [jvm.dll+0x674bb9]
V  [jvm.dll+0x6694f2]
V  [jvm.dll+0x3031d6]
V  [jvm.dll+0x30a756]
V  [jvm.dll+0x359f9e]
V  [jvm.dll+0x35a1cf]
V  [jvm.dll+0x2da3e8]
V  [jvm.dll+0x2db354]
V  [jvm.dll+0x7aa711]
V  [jvm.dll+0x367b51]
V  [jvm.dll+0x789979]
V  [jvm.dll+0x3eb05f]
V  [jvm.dll+0x3ecae1]
C  [jli.dll+0x5297]
C  [ucrtbase.dll+0x21bb2]
C  [KERNEL32.DLL+0x17344]
C  [ntdll.dll+0x526b1]


---------------  P R O C E S S  ---------------

Threads class SMR info:
_java_thread_list=0x00007ffef95a59d8, length=0, elements={
}

Java Threads: ( => current thread )

Other Threads:
  0x00000143bb091860 GCTaskThread "GC Thread#0" [stack: 0x0000003858a00000,0x0000003858b00000] [id=19328]
  0x00000143bb0a4350 ConcurrentGCThread "G1 Main Marker" [stack: 0x0000003858b00000,0x0000003858c00000] [id=12284]
  0x00000143bb0a5310 ConcurrentGCThread "G1 Conc#0" [stack: 0x0000003858c00000,0x0000003858d00000] [id=23180]

[error occurred during error reporting (printing all threads), id 0xc0000005, EXCEPTION_ACCESS_VIOLATION (0xc0000005) at pc=0x00007ffef8ddb047]

VM state: not at safepoint (not fully initialized)

VM Mutex/Monitor currently owned by a thread:  ([mutex/lock_event])
[0x00000143bb022730] Heap_lock - owner thread: 0x00000143bb027bc0

Heap address: 0x0000000702800000, size: 4056 MB, Compressed Oops mode: Zero based, Oop shift amount: 3

CDS archive(s) mapped at: [0x0000000000000000-0x0000000000000000-0x0000000000000000), size 0, SharedBaseAddress: 0x0000000800000000, ArchiveRelocationMode: 1.
Narrow klass base: 0x0000000000000000, Narrow klass shift: 0, Narrow klass range: 0x0

GC Precious Log:
<Empty>

Heap:
 garbage-first heap   total 0K, used 0K [0x0000000702800000, 0x0000000800000000)
  region size 2048K, 0 young (0K), 0 survivors (0K)

[error occurred during error reporting (printing heap information), id 0xc0000005, EXCEPTION_ACCESS_VIOLATION (0xc0000005) at pc=0x00007ffef91c1499]

GC Heap History (0 events):
No events

Deoptimization events (0 events):
No events

Classes unloaded (0 events):
No events

Classes redefined (0 events):
No events

Internal exceptions (0 events):
No events

VM Operations (0 events):
No events

Events (1 events):
Event: 0.008 Loaded shared library C:\Program Files\Java\jdk-17\bin\java.dll


Dynamic libraries:
0x00007ff7fd1e0000 - 0x00007ff7fd1f0000 	C:\Program Files\Java\jdk-17\bin\java.exe
0x00007fff5f070000 - 0x00007fff5f268000 	C:\WINDOWS\SYSTEM32\ntdll.dll
0x00007fff5d6a0000 - 0x00007fff5d75d000 	C:\WINDOWS\System32\KERNEL32.DLL
0x00007fff5cd70000 - 0x00007fff5d066000 	C:\WINDOWS\System32\KERNELBASE.dll
0x00007fff5c8e0000 - 0x00007fff5c9e0000 	C:\WINDOWS\System32\ucrtbase.dll
0x00007fff4ae50000 - 0x00007fff4ae6b000 	C:\Program Files\Java\jdk-17\bin\VCRUNTIME140.dll
0x00007fff4a1e0000 - 0x00007fff4a1f9000 	C:\Program Files\Java\jdk-17\bin\jli.dll
0x00007fff5d7e0000 - 0x00007fff5d890000 	C:\WINDOWS\System32\ADVAPI32.dll
0x00007fff5dda0000 - 0x00007fff5de3e000 	C:\WINDOWS\System32\msvcrt.dll
0x00007fff5d4a0000 - 0x00007fff5d540000 	C:\WINDOWS\System32\sechost.dll
0x00007fff5e670000 - 0x00007fff5e795000 	C:\WINDOWS\System32\RPCRT4.dll
0x00007fff5ca30000 - 0x00007fff5ca57000 	C:\WINDOWS\System32\bcrypt.dll
0x00007fff5e7e0000 - 0x00007fff5e97e000 	C:\WINDOWS\System32\USER32.dll
0x00007fff48c40000 - 0x00007fff48eda000 	C:\WINDOWS\WinSxS\amd64_microsoft.windows.common-controls_6595b64144ccf1df_6.0.19041.3636_none_60b6a03d71f818d5\COMCTL32.dll
0x00007fff5d290000 - 0x00007fff5d2bb000 	C:\WINDOWS\System32\GDI32.dll
0x00007fff5cad0000 - 0x00007fff5caf2000 	C:\WINDOWS\System32\win32u.dll
0x00007fff5cb00000 - 0x00007fff5cc17000 	C:\WINDOWS\System32\gdi32full.dll
0x00007fff5cc20000 - 0x00007fff5ccbd000 	C:\WINDOWS\System32\msvcp_win.dll
0x00007fff55400000 - 0x00007fff5540a000 	C:\WINDOWS\SYSTEM32\VERSION.dll
0x00007fff5e7a0000 - 0x00007fff5e7d2000 	C:\WINDOWS\System32\IMM32.DLL
0x00007fff56920000 - 0x00007fff5692c000 	C:\Program Files\Java\jdk-17\bin\vcruntime140_1.dll
0x00007fff32900000 - 0x00007fff3298e000 	C:\Program Files\Java\jdk-17\bin\msvcp140.dll
0x00007ffef8af0000 - 0x00007ffef96ce000 	C:\Program Files\Java\jdk-17\bin\server\jvm.dll
0x00007fff5d280000 - 0x00007fff5d288000 	C:\WINDOWS\System32\PSAPI.DLL
0x00007fff49890000 - 0x00007fff498b7000 	C:\WINDOWS\SYSTEM32\WINMM.dll
0x00007fff3f130000 - 0x00007fff3f139000 	C:\WINDOWS\SYSTEM32\WSOCK32.dll
0x00007fff5d630000 - 0x00007fff5d69b000 	C:\WINDOWS\System32\WS2_32.dll
0x00007fff5a5a0000 - 0x00007fff5a5b2000 	C:\WINDOWS\SYSTEM32\kernel.appcore.dll
0x00007fff56870000 - 0x00007fff5687a000 	C:\Program Files\Java\jdk-17\bin\jimage.dll
0x00007fff499b0000 - 0x00007fff49b94000 	C:\WINDOWS\SYSTEM32\DBGHELP.DLL
0x00007fff3ff50000 - 0x00007fff3ff84000 	C:\WINDOWS\SYSTEM32\dbgcore.DLL
0x00007fff5c850000 - 0x00007fff5c8d2000 	C:\WINDOWS\System32\bcryptPrimitives.dll
0x00007fff593c0000 - 0x00007fff593ce000 	C:\Program Files\Java\jdk-17\bin\instrument.dll
0x00007fff47630000 - 0x00007fff47655000 	C:\Program Files\Java\jdk-17\bin\java.dll

dbghelp: loaded successfully - version: 4.0.5 - missing functions: none
symbol engine: initialized successfully - sym options: 0x614 - pdb path: .;C:\Program Files\Java\jdk-17\bin;C:\WINDOWS\SYSTEM32;C:\WINDOWS\WinSxS\amd64_microsoft.windows.common-controls_6595b64144ccf1df_6.0.19041.3636_none_60b6a03d71f818d5;C:\Program Files\Java\jdk-17\bin\server

VM Arguments:
jvm_args: -Dmaven.multiModuleProjectDirectory=C:\Users\ASMA\Desktop\DEVOPS\Devops -Djansi.passthrough=true -Dmaven.home=C:\Users\ASMA\.m2\wrapper\dists\apache-maven-3.8.7-bin\1ktonn2lleg549uah6ngl1r74r\apache-maven-3.8.7 -Dclassworlds.conf=C:\Users\ASMA\.m2\wrapper\dists\apache-maven-3.8.7-bin\1ktonn2lleg549uah6ngl1r74r\apache-maven-3.8.7\bin\m2.conf -Dmaven.ext.class.path=C:\Program Files\JetBrains\IntelliJ IDEA 2023.2.1\plugins\maven\lib\maven-event-listener.jar -javaagent:C:\Program Files\JetBrains\IntelliJ IDEA 2023.2.1\lib\idea_rt.jar=56520:C:\Program Files\JetBrains\IntelliJ IDEA 2023.2.1\bin -Dfile.encoding=UTF-8 
java_command: org.codehaus.classworlds.Launcher -Didea.version=2023.2.1 clean install -P test
java_class_path (initial): C:\Users\ASMA\.m2\wrapper\dists\apache-maven-3.8.7-bin\1ktonn2lleg549uah6ngl1r74r\apache-maven-3.8.7\boot\plexus-classworlds-2.6.0.jar;C:\Users\ASMA\.m2\wrapper\dists\apache-maven-3.8.7-bin\1ktonn2lleg549uah6ngl1r74r\apache-maven-3.8.7\boot\plexus-classworlds.license
Launcher Type: SUN_STANDARD

[Global flags]
     intx CICompilerCount                          = 4                                         {product} {ergonomic}
     uint ConcGCThreads                            = 2                                         {product} {ergonomic}
     uint G1ConcRefinementThreads                  = 8                                         {product} {ergonomic}
   size_t G1HeapRegionSize                         = 2097152                                   {product} {ergonomic}
    uintx GCDrainStackTargetSize                   = 64                                        {product} {ergonomic}
   size_t InitialHeapSize                          = 266338304                                 {product} {ergonomic}
   size_t MarkStackSize                            = 4194304                                   {product} {ergonomic}
   size_t MaxHeapSize                              = 4253024256                                {product} {ergonomic}
   size_t MinHeapDeltaBytes                        = 2097152                                   {product} {ergonomic}
   size_t MinHeapSize                              = 8388608                                   {product} {ergonomic}
    uintx NonNMethodCodeHeapSize                   = 5839372                                {pd product} {ergonomic}
    uintx NonProfiledCodeHeapSize                  = 122909434                              {pd product} {ergonomic}
    uintx ProfiledCodeHeapSize                     = 122909434                              {pd product} {ergonomic}
    uintx ReservedCodeCacheSize                    = 251658240                              {pd product} {ergonomic}
     bool SegmentedCodeCache                       = true                                      {product} {ergonomic}
   size_t SoftMaxHeapSize                          = 4253024256                             {manageable} {ergonomic}
     bool UseCompressedClassPointers               = true                           {product lp64_product} {ergonomic}
     bool UseCompressedOops                        = true                           {product lp64_product} {ergonomic}
     bool UseG1GC                                  = true                                      {product} {ergonomic}
     bool UseLargePagesIndividualAllocation        = false                                  {pd product} {ergonomic}

Logging:
Log output configuration:
 #0: stdout all=warning uptime,level,tags
 #1: stderr all=off uptime,level,tags

Environment Variables:
PATH=C:\ProgramData\Oracle\Java\javapath;C:\Program Files\Common Files\Oracle\Java\javapath;C:\WINDOWS\system32;C:\WINDOWS;C:\WINDOWS\System32\Wbem;C:\WINDOWS\System32\WindowsPowerShell\v1.0\;C:\WINDOWS\System32\OpenSSH\;C:\Program Files\Microsoft SQL Server\150\Tools\Binn\;C:\Program Files\Microsoft SQL Server\Client SDK\ODBC\170\Tools\Binn\;C:\Program Files\dotnet\;C:\Program Files\Vagrant\bin;C:\Program Files\Git\cmd;C:\Users\ASMA\AppData\Local\Microsoft\WindowsApps;C:\Program Files\JetBrains\IntelliJ IDEA 2023.2.1\bin;;C:\Users\ASMA\.dotnet\tools;C:\Users\ASMA\AppData\Local\GitHubDesktop\bin
USERNAME=ASMA
OS=Windows_NT
PROCESSOR_IDENTIFIER=Intel64 Family 6 Model 142 Stepping 12, GenuineIntel



---------------  S Y S T E M  ---------------

OS:
 Windows 10 , 64 bit Build 19041 (10.0.19041.3636)
OS uptime: 6 days 19:37 hours

CPU: total 8 (initial active 8) (4 cores per cpu, 2 threads per core) family 6 model 142 stepping 12 microcode 0xde, cx8, cmov, fxsr, ht, mmx, 3dnowpref, sse, sse2, sse3, ssse3, sse4.1, sse4.2, popcnt, lzcnt, tsc, tscinvbit, avx, avx2, aes, erms, clmul, bmi1, bmi2, adx, fma, vzeroupper, clflush, clflushopt

Memory: 4k page, system-wide physical 16217M (1047M free)
TotalPageFile size 44115M (AvailPageFile size 226M)
current process WorkingSet (physical memory assigned to process): 11M, peak: 11M
current process commit charge ("private bytes"): 60M, peak: 314M

vm_info: Java HotSpot(TM) 64-Bit Server VM (17.0.8+9-LTS-211) for windows-amd64 JRE (17.0.8+9-LTS-211), built on Jun 14 2023 10:34:31 by "mach5one" with MS VC++ 17.1 (VS2022)

END.
